[debug] [2021-08-06T01:08:32.215Z] ----------------------------------------------------------------------
[debug] [2021-08-06T01:08:32.218Z] Command:       C:\Program Files\nodejs\node.exe C:\Users\okafo\AppData\Roaming\npm\node_modules\firebase-tools\lib\bin\firebase.js init
[debug] [2021-08-06T01:08:32.219Z] CLI Version:   9.16.0
[debug] [2021-08-06T01:08:32.219Z] Platform:      win32
[debug] [2021-08-06T01:08:32.219Z] Node Version:  v14.16.0
[debug] [2021-08-06T01:08:32.220Z] Time:          Fri Aug 06 2021 02:08:32 GMT+0100 (Irish Standard Time)
[debug] [2021-08-06T01:08:32.220Z] ----------------------------------------------------------------------
[debug] 
[debug] [2021-08-06T01:08:32.222Z] >>> [apiv2][query] GET https://firebase-public.firebaseio.com/cli.json [none]
[debug] [2021-08-06T01:08:32.245Z] > command requires scopes: ["email","openid","https://www.googleapis.com/auth/cloudplatformprojects.readonly","https://www.googleapis.com/auth/firebase","https://www.googleapis.com/auth/cloud-platform"]
[debug] [2021-08-06T01:08:32.245Z] > authorizing via signed-in user (calmest3@gmail.com)
[info] 
     ######## #### ########  ######## ########     ###     ######  ########
     ##        ##  ##     ## ##       ##     ##  ##   ##  ##       ##
     ######    ##  ########  ######   ########  #########  ######  ######
     ##        ##  ##    ##  ##       ##     ## ##     ##       ## ##
     ##       #### ##     ## ######## ########  ##     ##  ######  ########

You're about to initialize a Firebase project in this directory:

  C:\Users\okafo\Desktop\instagram

[debug] [2021-08-06T01:08:32.651Z] <<< [apiv2][status] GET https://firebase-public.firebaseio.com/cli.json 200
[debug] [2021-08-06T01:08:32.652Z] <<< [apiv2][body] GET https://firebase-public.firebaseio.com/cli.json {"cloudBuildErrorAfter":1594252800000,"cloudBuildWarnAfter":1590019200000,"defaultNode10After":1594252800000,"minVersion":"3.0.5","node8DeploysDisabledAfter":1613390400000,"node8RuntimeDisabledAfter":1615809600000,"node8WarnAfter":1600128000000}
